36695903632478051590869098763433019221483349225080033739784172586244763942510052309593555331817263140573034266818449382855796760800369808395682886611172389962755895711051501018228648322200771672
73328707190762701718409451697541941218197825332940837013477725634013767336537505435626388062397648756901483648460969791156812999634948639304182188909073502143968866596953767032457572467831926857
146556548288134495801436138571746319846244908360195924641612564909648964207660019552060820704399103072434788245463844629486214950803557956342631410801772582003717659414389531843928039257386797042
292861864348175694275572458452479779562706951051102983180616311144930805899196978538558755938746014574995634487909396468087685601371508151837503702900698988089219524335102960407428540434346255027
585322130333555701531928044346271401455998913069313983541357871299505937231562827265183696357783840451611564021240302307233293650738140104245222135412080046626227533462371716474989110386114888612
1169643968102357685834985293352028862542899088222723959748575863544448956773068575442184956946250455461693319390050856779367347855374532252205894056906614414199832167983712614276117486388192642797
2337688949438003624231445868581718002017015689646531887648746719970127752732854122519938857873574648738706726429820708517478294370550444791272472956367455399846630053293197795544381474490888638182
4671395131841383819578953453059808933499855001634773645688055864805655056341375781775648337214580794946320648885909890881530863756620261964565832457088229784887297029626102600984020247614085280367
9336423716380232528828555056034703449000139734751883064005641586460879375247369665387268973382950847015135602174637734497466678884477888406312753160328870968715702188005846654766408590778283216152
18656989414939605252120448067898031950876725537501334913671614984387144989945571801904748779435233576947019687156592172991401048771088609576221511021040587619635474752607175183135690130213383125437
37288629341540026003496923897538228425505913479515471626034363734855493196228190444233946925255341662605042035524999801241332528175205520202453943196694455204737982129651672660678758062190286981722
74514116586751293424938964807055027508337106301459389356001311289640401471419507093609646436508462692676659639349029756754759755156834790928396569976959244260229719816043167097514159306933042489007
148927298469184254186512135876325031807572308883262869121176656453058429884428219757078348678627609611575467754084304366795178477293488781853759585966445876256499918121128655452934227177207501298292
297603179642311444981862321416132497432899155197634383374843922901595325481745005066872168495415577926647362373942337241481922639754873956450086348891924006731476193843545483179103674763316482762177
594804459396827095844766535897014885710409288977141966605495031920369955447677935669316223461541189034065430004045886645461317682865721498388340605689385134163864624400624989646771881781094509535262
1188607819097861695664326983399197950341675172045033059182932606011432024741874528019318603000815385899008634672736404103405794998210087544293404752062014723798215092255928153661662686938852110173547
2375615338691934193397199896943982367680452553689691170453943110247068972692598443864437631686386754279002113418600857669280436858021490598132088677584981237836489634707678632770998688376568858542232
4747244418554332372806356439965407438167061632793374984718444134620817801815845297894081775986400968184532735878821695691654172371392066953958694029543710947295853518898719985096049042626372700119517
9488116618953381915568080241940113814949334106815110204969926199270790393284138028292776151515300873141137645767755302627026095191880989913761142234373967047597396086568343083852528102500350728114002
18960360216219918415175020942425126704304027474592113247988202233241149777423468319608642910729513044010548565086400595229496500172230875310932766106350064138619805995118617417975073496428610539794487
37895346607221428828472395439930752618803562629879651936540066205852282746904873732758854437314349746705571503264469259166163869472302685582842741312617843211083950585430194222829751558465433918846972
75727487020442183554438989526097303346990551294956194444166490522994541409270004014961485005324954601279885509045039086815134757339004806906999663644551945282415271920456707398877041864898700110585457
151353935478101426905744022789585703702552446979610744589942035529199051457402584035268953656187095759612781650030611241888712682338967550335650480227818693351480946744913093317309556660124851927695942
302456181194654249034217461454949678388603336085452420436976570806993550093828966666896233284445290014108338831171844761281878988957292551041633879659269143427962390179604060921281519762820975336967227
604510021428994228717027710924064801735632212033668347686529086627968025906842954521163134867495590460929218092624401009314222058812342066302282444787086997519275370834764191896332379480457041930560112
1208017790000938918872933198635194867795507008134363806754800545736066801379054213519451424342407507738256916151365342825551587771916921787712277218790686185223540617784373158055889011902333292680938097
2414433415248093029975029162830354819281073644540018329460509891418414176169660014805782489601042658676598251804683055778198998771520561921420964410545848040153710397322879794584457189732689911744886282
4824875709760576340770852695790357835726553065887030270053446826609572551972964709148056546261593940932038038796725299813350743533183156528355230228849382818060241454108650918229775427087993972574510267
9643371342803718050954131366280046982091858057116757046420838940818352929801667189602216585725977485821674728466216606013511155818963660081740653300249663441919495065388951016108593783493192916935485852
19270849234746843251038392929765411092054447840272023805473903379988360678539078266581592715109256821474870321411678672454443315379239987714577351951059125858731670937863946550696325099539454128703746437
38516291644489935430924620279242125129211607207278370529898312469080823169093906536611401024330327738655183720909082259376918969488507963506316601760686951861449691332728332958701882334867839875286577022
76969291513084289101447811750005399345456446834659882848884374443121668728115966192172603391811531106259859229656233366553096528641042446093268320993677704553425106245756783146364867733482356330038917607
153837406299381165753244931463341793919876646982791726356993742187059280424072488618796593875812999374713258956902879514236677897880109942270644979073394310623915310195113360893342709458669134201130278192
307422765288972198594115572578758037680182346523833790092793476453820139787612835226454799451335820195155728520505870169286515699615518368530076147379366370941498284014078169854364043671334045900733975777
614442612685151543813133256498333979812259044850696294283973943766227494486320830196181435209901346119576337756821549839068866366343608654953616336137849339753266797572259441243472362858955225257362347362
1227881482383051243077658671061994246258635010547481730880181622820820372127108498287810126553956849099155636486149960356454857094831277670913104451371874621422924908087644263698642959958439214802946152947
2454158396684391650433199546913823161333609510984113032286443725359784295652055512623242929068992306189052314201503832569048127946838104145944488419556984528808362212517436188285938112881648824726440826532
4904319476085585869561148493116000576447568804483068092947872995266658816659110227205804994536598841224407383283686331500432545946106873733683781357232126013281159719998514810990897217932357261311084982117
9802248885686487712233913580018874991639497684106670672119636599909354532630380342282625585909347532150679235099526083869399258239899529546838892233887330651928677633582166829931184227238063351218028101702
19588578604869896033414547635959584523605214221151216546275595596079856425133684128900458102194697904666682854182290671820709619489228226364104310073228667245706468078303611199953685855828531518459591601287
39151708943218317311610919629975964289118506073037649010399945375305970670701055258600314468305251640362150007798904930936707278649629005189590341837942267749744803585300640272140616722988523840370395860872
78240019587864308070824186866602766875699193975204244519025122096273961912067886460094794046130673720546836487650271294965903117068478971048935564785012686004797657864923619025684997842756839110704945475457
156378690845105437792071244588450415104414673977931166116651952700725707145033637805178520047385832489709961619971141868821495314004227310975999170096796739761879549689798497141944279467741800277886985800042
312504893876485845034597379540202882601045724291632188222458897872482688610496942712386857021809363950774954090122413603750673282007056751577433689754342227898375954177509777173886362391550729627468797426627
624606160456144807319681668951764988633507915227281411344626072178850142540955354743844415942569640795643681235934487660827022792144048393527610038103410584793701383990893861037194047913007595341850151657212
1248206759151007473461435567414565419025101083532197128404090698311852962001216133893383513490262550762501947864063366355486307376311982466495071368030057850106225821029826810355627835732079270385932326521797
2494806022076277547316528683979842498134956206575645833338150228098126512521081647279085688291820726973339293456825854325311462108541801401497102661111862932253148272519857490584313828146380564089416142654382
4985607228262851176057339604997616169641801342972994712903605343566580514407823474283407495764642965164227076290196674363407360392952848605634456675999213740815741686588017068567480448181702393040638683278967
9964812320972031914569586134920383025942626506078143941731851630399395419028317928524968568579993327315215733604784158538044745781726352348042456134497656002209677025812434442059608323459065292487338672887552
19913674600845614783228808952742489719691199136315250764633775687629425344913059727392625300628266235880773666104560095514108376968005336820617405545035490676585746382231102297961874337797401019504029544806137
39801851255048001912181984346363276088335266700816272775683055285653885313326296215512473351142384237275470148974712938093024499749295282753526254859652110176926083773038271118684416630257682401660702181344722
79540177247093301847510188236636439916584377156956116810052411708703324478422514934029964235383419229220050785449887852893110211761882191832144927191870199659206520934529638141354616704525975593652811178743307
158978801914824427395588449120214358664043573396373604891061921781802722036884698113342740787078288202264399729135106912135535102237063027202183245559291229105367157637389401567920132342410292405315792897861892
317704594509139530381701823827563773664439483814394159225218481573144750786669193172929530714630957040419428806362671276992803094841824303937085371294160415793677107138582048098265149634487753531692888995501277
635004722956622588243885426182456181170708822589620846065669140800972041919098311993064347393899225608795818150674926253079757291705746463401715111763925916966285682236440460836169170234951503287498213850182262
1269001744375817145730357431901814793083295179252031290418690066994543404077834784819307901261066740362030251789079398090910329805337964288944803706732729356752835387087184064774924647585212370790395243430464847
2536392551738434702465406244350105813808515571688809249796851527119602908289185965657768929504032747484980774015668303652228138952506773446644810010699608673767267351443698051115383038435067473787475682461950632
5068771516823286260540652486146236275997604507163599604239427178590787878020389816191084743219119039084949507257864189064715059899039854497828660489171167938768066442029065954581969691188941745967541737528083717
10131126797352605821296293586638045621114430528714414748810831212754223778791299006114110127878445899638954662531274034179540204444301479335980199316652087099741599785072141692300812867750854356513579024663511402
20246267637055721251427794107471083330152091240587035777350575218016914371865302429095903919097799958812211028943510626008666900369460054230257008076290509735674843179057665087662264682512956849631881803608720087
40466979595106428420311013468986577767031421333103268573826999165478114349545494318195234523437208415223969817633400711266396699054412529236784356700243939321527506674928083798308933773675439107894715566173490772
80870286978783540558961083735480877024769678691481177980278656782810348606651040008269419723471188789284376099403237180292551338561891239778230156409142877137868955515523420553889638498778792818013999626532132457
161638785213713462637144855811932785924225790581582440606680781739884651422607293300293314114894312998642077367332966416855555659714422421389512858287932831415187975045568593399338414491763889431846184282478516142
323023960388187729073439598545454963094042349973069217128702290764218465811028762619873106581514347008635784678044002617316099204208762622686751514077857238286403044206092452970749056763419847225206387311021263427
645642489441750684225956282593117676804579804367327021441962567923071303344380663994564695198528200619901504074317652745571721195386720863355902077690050550345410212627573685994083431592417527377622627084756737912
1290274823574055374426882517973235226134366012545208985192219373575303425866624523771459899160851059108988573450464950353215828511261455581534685693160764063495766208505629898018310429590712860893209771706334990597
2578934767863843534724627856018262446702649728290339267816469236214294118366652300352762333813791927353718342786359542919636906476529743254732735412348517978828819859296836068044322673927603501135138726023598799682
5153845933560594479837588936920658282377512499765015912785696828913673775556203697890766044327827027967560843414410497686640561677141457417927246565570585078353087593990215683603312174957543031281498241441769616367
10301259542071270994580981503537791348265533382698785282444879881733831362124802337342172306564050593319628806626774176854809371348440024561114680586861278546259783496487942190228256189373580341236718879061754448252
20586492275196351929116995612853352122540168929580183976554672303230961628877810971117832268468890785174018573603896509505752162713987474052612002459182887805768256326304406202753081424658500088519692875269161126137
41147363257550241703238252807565768313588033804356841319565683462082037255999639593541999629710964230033051948110536149122242917468032688240729100033566328648480283010758345227077669101681184710458173588651411496022
82230887790592309577589647306538756465155133854902023596454616166010491221239696438420149735590353113344256538769442944990259827513311599608446139609003622541768766836647018467169470346185700572307513121572277261907
164359719425010733652401316414032888537760704256984255741099391960093701862716209728206265330744372873559803561732884053361329048141057905335363063186548622536210164945405160138795698725653878913978570293570373819792
328465150520233602472021145086878971941551441833386318038289865481458218199231645751016900889199669301814856720326770080314883300182121034796348643979414291104898633524672045705625407966341149819515780194725495209477
656523780537065360781257292890428958007712513758428040640571734457385345925824927239876576374257519066148922150181545944433407615049817811725471539202921296822081243044956419062862078929466605852785295554194666262762
1312034644411182463472801934027046849391239267304991079253853315684668824932878393163698461795826285604203120121806686275576705933513090377642203862970728590860771541259073503491797972612475528581608806025698268915647
2622449975999870254928963561829800551409497384094596749889134321414665006500852227957444767090416885689697583176972555540769552259167514521534155043827136461542477216860856010064132311735251384701540306721270734767732
5240865114653847018696777348084532681850160958411052760170563349010576337106244368532835701026429545595079647490149328174243678168245150242431861013841163715961476035698224428817895037744633574638518981262152007506617
10475279867438401727087895451243221669135635447781209449744288420338317965786473120671515892245286325140236914319347907544280363244169209117341076562170429737855061141006764671934514537527228432209592003493650894019102
20934487237976865553528312809926342395298487109090575485011993193334315699437105573590870219910594858786873580113052850231143096242858162721336640441845558311867310317091061313571991230107562088774379631994289642751587
41843279844023147616067328679658326599216093114278360211667657369666825643028545428071572820468806900636469043835770519551657925087076905783504900984212411990116887634726870752251182308283373343326596473033208115924072
83622535269339165551253820147007134287550474965618920731287734969696160797133630834571781449579603696506809139685939431352021857446955420648122476014977299049631678026285619211395555689557844525727332647905449005766557
167142716333194655231735262809589588944718408509265032836836639417119146372266007345111002135795570000418638499791010828112083996838153479117638680022538252871676894565690245711470293677029635563825107490444334728949042
334030389973749528206244155941556505630049791871241958931815995293994107719806315951114441423736655677925661486312038146887543377122041804129541460808412446885186989630518557394663485905372238039739707507583176845295527
667653048767703167768807950012292346371708074869880513005656254029773020612162488748046317915127980102623071725664977309693797239191310662226217395150913121281626841746194239444093586615456463391287957873921931747970012
1334290117799729207265437680111006557291440029000758548097385365196860099021623570625766958329257349675397457598406243133665381063514987087768164300121539361688781591141021363399860244976232290715754783118034282953392497
2666956007307900046630199282265677508567319325396115545224892181226563508465294470665065126588862809544325794737924162279967624812347478648200653146348416734117366135094151371168300018638391321986058758117693826764310982
5329864745341994968565371408172436445350163204570391014211322860101764930574022037495742934932212068288133822009723517080952085794599483815921336115029877430174582939023401307641615523951541875033743198432928553626533467
10653259180427938055641364581583371353146936249302503426915601264667962378012862937909180023443048924781701229546085743191300981243690516198218407328620504773489064262904891101524682492566675471636188569379313646591363952
21290395428919067016028508488460527290006855861113447778838950534405035039086576936646878174244927586563510877556506964987472864011060583913976471368320473110646179886147512132353856324026802375338496125146066997940479437
42555015304220567723037953862270125284993068607082056009200441534483858127430037132033098449628889858921805006515046178155290721414988722296656521060239123435488564108112395637075243881176915893240528050553556866058164922
85045801664506469452433947152419045222632609374389954966957353822535228817122556804194280258392244058095462448369961975715799861494101950331156363233689396050098002414788139421630131481236298068771819760311244058995460407
169988920994761173226603036275246609045578806184376435379505108686531694709513195429905385133914382110899846516017630942061691566923585357669295790370202913244241548890885603765852019167114217559561631038769325901571975892
339721970229899511355062173561180977817826675468793920373378357235996877777022509479058093107638523590280195384910825832008658179904213528535515361527537343260751868170233477552219617835208080498935350320658736517346825377
679034879274805118192101407173328956488677889702073414529902593156399495194769174375094007277766671922812473856295072569157774607987131226457895220726513598921995733056082170222878638467733830335476885609410804679518342862
1357050419368329447705846439647267460590432280773915573887301173124954777985900952418139236249876947150723673717021285394654042014481899435292983364127259646504392043479443280126044245827062890659353600577637884275328488347
2712471221559091222573003069844787015553993025522883063646448441189815391523802956755203094825951476169392716356431430396844611377800368665953488075931545277929093244977829224494223026639998571957900674904814986738415889832
5420881566056969722971301681517093454362505707858151952568228169619070792010227214147255775433599770151860353577997923805712240832301660098808305987531072605038828140209396491463221129700325972031125375586023989713296305317
10835270995169081674431884256138973660860922265366023639815272818777115766393695977649286100104395594061925179963877114027933990469168595936051750298721083323518630422907326403633857877255436809653705328975296793711762748802
21654363957894072770775580912255310856445071763902284294226720593787568870946864894105561317072898950937298065136386221477900564598964231723079448410701737812965457380303487336381494062206294727636257569945018744526775012287
43282863987844822156885505731360562030200687144495322882966974620502838235839434116470326318636817373743287067882155163383356787714617267409675654124263679844346333687096110310283129121948646806338754386075638988974878915772
86501275994313329410523164341248483636293428230693744137331876428029598901463372399031994713496925781175399706529595485872371213483841099152361900421732632019643613373565624045527109527865453799634295580936716520438810239257
172899511953817352399216290532701746107060420728102930722946073797179342168550048801987469894949414157859759616980378569528502044560206523007228227887015604482773699819388919303455780626131170622115925533258708625934396402742
345542249622184312149393537307068182731536784710837085930175530834744056018291634144076175164822416126463941411646371594822420042503369420174155570804812446800801845632561500856026673933915110010091903430482634107295874499987
690673990708277145422539025247260967663431891664221178380635507209138711033343037364431340611536445278907766974742784503391912374180127263965204944627637028828626110180432654997882011660735494529056577217510426340389136464752
1380324991280306497354591824664942017432751136838238523144037292152574019812085060868238930507206887769286625702975488189461288547968400546359221459965556910117239962945746968752909205128769629828267289869545409878138168867037
2759014510824208886604459247037599596876918658453522372533322694234090636118208324938951369300790156935535550761480773430530432405979704705959172258333667389927432992145947601734280110079231266687970080251594776025198742144362
5513953379932621612990439165657199687846711517363961866440619671129865142525440539001386225123891618374808772760822275941930677235396691227723761027846959622222371697355350882931663786239952608256029726152744487277860350644247
11021390948170055013648644076770684801867755050864712649383939797654155429134890653047265915006029464360130588641836212993993124007625042473817625739650615359486801754583159460561073004821193359240803083092094888741724029589252
22026544172075241348369097319452643969866825725412249208047359072245983848158823609652671662334126226568380151561640330147113672543934294161362822029309362224401935438196936289000480330618021819510282397263830266685634171989457
44027128707315933551214047225271551245821950682053357318150976642972888532011722251377129524554140821222485208559024807502350424608405346731810681474678291344618476374582649619059883870846025698349173625900335597589637241300062
87989564173113295786170458803899613449805395141451282484825122208882518103662845229869720502798381798888496885653317814337803445989020154627739585798339062067112498288140806040745506762853448553064172557042990940078839111853867
175875701500023998085349793728145985509845478606362841764640323765157597450910416881898577713091075542578321802941427880133689006001922473174630579878583515994161482156043848645683568358419709359531386893197946305738438584894072
351493653860053187512805967650614192256061848927024001812545160839031035692046684700280135107922652574194657902616662018958438505019841161679627432183162221374518929506441019179802158838199543864366841998837995665046279585005797
702575236286319351196815819569526068374630792959184363396629268948101191720960344851367092871831996181664016367066144303840915882047792590100836000936409429661493303821826445572281807086406525765938778643448233011650603639260562
1404123544382943355849952571633565588567636242488591161644840477471304424486090791262792133787626327621742692468243193095678592511478985265441302092570068004646461067691952194033561363370763269265716653480069790721332679935517567
2806605303820283042441343123987860396909514703012490833221305886822773810723654810194893341007190634727040003842875374901426667645716660434620283229964549313027415610671558586632440735727419535961906404700713989157170260715779052
5609119061616172638244481450220335270323618575548950877440331388404523498268723582617245634325646280661033175724434955894644989008141105611125931854048841473715013903547850140165845395160422756058259144615099744854936244431368857
11211696816129162052471115324209170273882173272110531666944477074446833788428801862020100099841884604252418068619849335262803802826939090802284915451512755339015899696217512015568300628746119882954937861916968615076559034017615302
22407091692022259459110214195674808148355884314309755720529868037544833010705021845966255248729673184783501829858864029922945584606900935291641813551941187752695806213017534977732697609660304839361406064078953888981603381021752947
44788120810675572850574243062094051764659908047784266302277749554754210097213525238999011764360562279193983327785079355167053302309190498377394540658298657263133754178078280113420978085231465454787453235961171970253490842861672992
89511289159008796815894316996558648516338540724509153881683522361035011198998490545493807989085092243775032700813073023270280480564671103555427478305144594099648310973388957298830140436849241514140628193716875893323213380428272987
178918735966701841928926481067113951538766391287734795456405077745458660331336379678912683631996903948697217824044623377091746579926533792918020837032967465588316085429199498583681066540560248461348058723219551499988606069448232882
357578676632181127204531625175730950982508913421659345660731404045705296828596862118577317905002273207703385783397044097971201589238546671210294621244611798758817169965333145043780606476374358142996846485640204313628207450591916837
714743605013232892805282729360471343268880778696981713124267272177597908055702531170733469438194757574877519414991205552966634418450859927361929256423899055292984874662113001854377374076394673293528348713896811541216226215983048912
1428456060670726063407815012868245766336773948537116819206586966092389603522991202498099361405595184295413055982591538267038282012282685078149748389261353912639035906156453035297703060145593704549004340199043369165576861051982425807
2855263570881102044013909655022088250967709727506877402526474311572979467470645878375884734241411495722671398422204213499262359135353534018209936517415143971608853591245913422006486583153150168014369310197969827583482728029198292342
5706418567317262035298954434729963323681932165022375696194268103204375492233088465151536408656776848179120254916249810608829661132072355539943357806756342585759993300182991465237747904489777161449357485341991540041208916570135984437
11406268536204990047941899489545903572562727919629349410557874787137383838625106873722920686231240282693950139519161251473083412876087122225023245418472358310273777056815304821513964822484545214823592070776203760578575748238517327652
22796166452644174804276526794899860603735003882344295936878324232755313703735994513973925498466273339876938005525090808084455717594726521646168884060705083469145934877787327888124822429680497086375445130372523310398729946978467819367
45566160264186273047994518601329851199490240261275188087112459201743086606284620617584171380022445642396241834337056596190065128262615186539446024763971227496734840827438770375404961415278816594282535138293057518784458879861556608082
91067091120702571239519385002454129917818639219639987049122773223837204084897829718701178986160944920818675491170333828694189272407539016655978119455471218467750259106097690728649191997326081226734661415745506353662351227729782817797
182029896067167269326658000592966984881293363336872599634685445352144010715640204814831710041464098151047368804046233949995342883506533177219020122123438903325618702042771566813821605772271236108276860232261784441524570405568283869512
363799880285605822589907156231002149831868054886818101483702699441321804139994426859976432806765367864499334609376501328662870737572760126032911402518761289562611519873275316014819800847902176897616921889626070191117021892501256977427
727184223047992086205377391964081934756642681302189381859629117452241571151572342803149538992062870544397845399615503222063147077573452651348501238368793078557853087491438811447469558524904689502552709228686371264169937997623174197742
1453332796047777740575539861851202252161852471732643866914624735010170241926888634537525119476636736259577050903956095028522954280783397389574133457364932395824686147652216787204722565285465252204624715896147153072830585219894874926457
2905009829522362176455086800046403634527932590193264761327758751662116720229681677854305648559763328045317645836499866661101823210411846553619850442653286769634702192898223723611182070213141915100969161220408896352706694676466142671972
5805892946037169688665878734887593470629628695510059886678194723647267135507000987724716470379284778283225505876908663303505246557860930833525583683061040095672555680291511976824602514081767318946587380698433784612076954463283739433187
11605188228632423353539160663020760214202556774539203473903234606298825424733372830702387877671595945425467896133047509965557778740951285345151349433707591326166084051979362863651944835832290204690753148483984962830435514910593994225802
23193932748818390071440571458162074215701482561874183047315460417380740408743475560421025085462990898241762719517298543053626978700068095663139012183177186716959115691278490257825161646481768620435834502583551758396900477440567700811417
46361575744185782895398239987319682733052403765820834593102058085323368782321040063621593894252553422406162409157773948993729514211237817593850468930292870428351153865800170666690127434929158096182747029311149788659578244135868310983032
92657627622720135987036809117164661260493478251172018733453708167858335829983864505223889022802415130963857859568931033701726047386025918811906153789457974211599583266768930320637343085120090729852098979536871122744386662806073167657647
185210497267588409614037179448384379808114859299332268062935463079577980225817208823629636790872875208308144831521451475945510575888050778604650294872721918138560795120631848464749058458798109679366329776758839064473456385426086517338262
370159896577361653626861502052729844877058422317255434947413807131112081400654452338992154514846505191912231070552796447545590619107011847297215175097287089593090071165212465466429863153568055472428938827854322381978025269606603413808077
739902355216944838411333729203326802988646349274704436941885329462275096133499494248268212150626474988035915843741790477858261691759845333789421533604454716102755475591228480183248846490521854952588304386696836451033592476908127403856292
1478764283376426162464425886899592778768748649656812367148489690225727178099637891030235204307211532641995465365715381491609466866135388624522830945953891387937200368779152069629043333125373200560256595192074454874828653809433683239915907
2955865150575703765054757905687196789885879696888238153779359727853757394532362997557584065505406766011626744385258166472237740243956351523738646465987866150421204239490890808532788826356019638422942736490522282008102703392407302767998322
5907584351927521541146427984538858891739191591100795074275324681737733355630083723299259934638102929715080898698434127311136832476518417066598159828323701633018810803342139405169922602283052746709379899050946621752502288699827558335813937
11808540221584419664240774183518637175064865179275614262501479468133600806057795687469589819639800954086180803598876439866577562418562687896745068875263258555843622753472407717273832943602859195843319104135323986719152945456141085983095952
23600559285468802400066596552101059589723522553128821648831907914948950000247676080159467299153701187579839431406044253966366538539095283358533886387680098255001671593280617420825198987151949077072143042401969329202611646940771576703683967
47174704737808154361355371259888770267048147498338805431370883682603262681961893329888439967692005839318615505026663071154852007016604528083606520831051503506826194212444709907271476435159605822490736447033150626719686437882035993570883982
94283573828239261893305732469798322411402286614905558105584576780354452304921465153703023828341714805196134947853598804287425456467824022088972894858309597343801542902151756223209594457988008910664333021319808506095889106760486473442719997
188461890194853880566579266683951557489815454074185848563147704538299395810371746125688830073214232399351141129093168369308174867866464014654926748053341068351078543732944710198131393630457904684347935934917419549190347531513309079323828012
376661427495645062744645838974081549229011530648036430742951328029981362696097218621146653030571810228490427070311974013525555763255076453095654090885999860256033094715556764721873095899336682097337776511288659536812021828625190006908456847
752903406664789371932298487416165054289773425451027596367235942989137376342373074163548509412899508527598272531489251816136199626623633783285928412993913293956342746001807020343254604361033222788940092413207157413488127870455187577900127322
1504761335800394665495707861538335253042740358661853194258426478560379952221070019034135330317424380134548552345501283231896478495857367817444749194950901461018446500388342061698325601003395669680464085960420801347851515277669752309413095437
3007851164868921927810630687020678839180117368688347656683428855355795652564609142561092080266343598357183700865182821873956027376821455259540662896606039094804138460975446674520775574007089928971831434798224737397589465415653451361968658832
6011536057733808247109298043453816529968442865488429428115025531909945230881452418976270355147224658202691858267084794104867103171764333215500968674175639469333714325988067122886273601782300221489751555522456545508635310759626242105562043147
12016411078191412680375454461788542430058665335835685817559810807981562565144904001167891679892029401293946033433427633513481232794664792199190058603574165325351057999851719242337867739100542580460777220019544097742296946515577216231231069302
24016219231929756770574188286651254703568309800489333193358483981352340057068454060158611404489088648139109747806656076093437690783584736858615305461563969128260841093380583508748040953793824178872869789571591635134037270315305951206951935857
48005893652229580174638076924569939723916798253755762541864932949321437864312201072747527928790656902492092540593655725016078805504543652869512866176736328824955503026239872069075372323237184256167096169233559142841934970202590207882776483212
95945622718853942703180133716291025750945848832790793504171320200064903232108915762449674199036628050555001066746777560865815261766976454723574182542270873190670950165385428959083759709718448621723406669585391541750671785195461855677372491967
191785461078127383480678526815616913791336023663363027694077584016357103721011565806378279961171404986037761059632143770569742401112357028263963010208529786894427967717103522508454259130275521563803885411316953723061086830399508285709511423522
383307246147902316365351428736800295236193234344536736973189527194449123254296195360354307276239623605527088550261672198663892411109848088950620866621173922312939628389244288051464137897912419538990665652495926753662755426815506317791458316917
766192924638680233464373348301698663489984516726913396430712829096140780876344783934425177697174725593029551036379525063538488162411560123929816780526588501160960575302230397581752775359708967580390048892569721482846931125655407553973021133992
1531335050332496131346245152864264160566548045783367870160875569236352897833338128088045106637464611845208497466687109746710969372328353957311102262477906601243789480691387871579241100754913092478189483935854600935061681356677046471250122163147
3060990070432387990793816727422163915288656068187977972436317185853605933460220983400763152616464066626740411785374158066479221499475311387496566880521031743796234303032888074511128802016932371088789022585561649833337580652062160750718299616462
6117792469284465984769432314280325958624591297206962831486480489389370681319585835205733702655588531762974937635394139891290131503055003471740502352722975376588968414028576578729666853597675777386136679741463351703720885818030826552204524079217
12228889625640916247801135925739012579188180939454697204086087166762158853643914679995209260814963017608614686548079988726186357259500164864101379533242555989862281102332641685521505605815867439056980573909754359518319002725166595397726842560852
24441090280443600332599289880456100009655050843421624845172939799226059993955855422535595558234150657567404574666826331711130456394831006369489971155622122238164200507563978682257560218376020689280274059168970083863640334262329788216017339045887
48855497932138752060930344521689989059928481270826939023234284341872187070243019960577803334172964605752494741197693662996170302287933208100933991661721659756523333346649859458882046551620097116608466726610035241270408095059547828979844191537722
97644485330682671673775775350904873032896190298841450758039296098745401162891450613351033476739002744208703067784069178733968644760740058499095091380533218124850053900794816685797116542073868496735443334986481784523634860026606482876930708717957
195182632222924127055649958556081746851252456528074357606331642284072789288262413495586308352559489263207147714481461063377283980392956206230690349524768818193111949885057926813293353846947029782459987825233691099469779633333346363040536555274992
390100197713551635595657186141533912580275133361692302498395029681361076274120581002039667707734593400898498571351834426395278382848480194245413841206619760096122403618752176515365142445745752855219674011217863121773241111103986058599945647587147
779776600400951250451930502487536662130630631404080323478000499502571160980953157756929196021618932775975661848568170746162630918950619862826393799963701385668629972851308705366588033632395599502049643588675960558791335997802425384950961231409542
1558496811697961325857241431661792524375181375705349688661674216696140846488077680966724064274920016992643462588324739638901329021290889637842645192951353306357091634114439276021832956995750488616791298480976132850993649932505058134367448663236577
3115304640214192322360627586492554612008122612524381742253484428634429733595786097086329612407054590892492538253161773677582718256107419625729439454400145817277461479438717930285121944712515462667356324002960454853564401963216077729914879791072892
6226399140991148605426431000341046368317387575901954311767373124006951394774563794431115232238897810445880908246496921345173900699729683000005691921537090526646521702147280256415935847387669999587296674836182774942623563103186569107903492136908327
12446066986289555461617068932224997461979299992396607913125418786247938604095480054226260995470158321306347866896828296270584669560963413147060860800050339632912962679624409926281799579979603662245987676291881091204659542461676004050774466918742002
24875354708658656561943272184639829798536936740178408854123729576010679027017520561046944575419383154995724839208229616686797275697086877162257932921627635052594268360937055476490075200419824924746008669911121046311019674435850980013083574895971677
49723882185169146150540606078116424620886022150534504474402570620816925877141809561918703788804536634342921838841770828084613556382989808913738811529333023099105303449920732787383174596556621386928689647857444279106028111641397038014268949263993352
99380891006305066366674715430912047403982759840960507582036480556736650541991363066607466743376919558035570922039103560839401428500457039742289033045318441586167512983696543591238470278927880868767312188698689904771838839731831706754948701180771027
198654862516691847837882375702345726108574802091526325664380528274883330836291445578930237180323761370419124172364019336308132483481052868724977940377863920954332071407056621381018158533768066389917817855329780316179254149592043596974617208195060702
397043200459341193117417683471492533388876741885118424744398562068852050207252946277586964732664401782139447433649817864571704257964139319080633041787345040010289032792983825270391392433371480071525073187695283564646404877011641792269181324789681577
793660271266515666013608286236065597820598476764763085819764568014464847731537283348911606515792639392533310716857381898424957471452207012182220531350697438441830800104045281358951717622501350074045827851529612487233026439550012597713536660544964852
1586258296425662208740184826840059863437007350386017552227183854868770503297675651731983932735902831983931288803471165007146059905644936755095995075134884051202966254251132130662715102575084309506083692958754792696341956328972277727759998974960129027
3170818230288752891127533243122896531422790501490491629298709703540461874947522082738551627829976934537337496496897386265602860781246990597634143727360739092623289082070269766396884607054573447797155778952761675478495502872162331507010675246695055002
6337402792330225991590236509382893202223175027039862434627311729655516079925255363062557313984031701355378848704651571501829054466666711046855994135778224352444338725881777438333759861092606583665147543600699393376587096591823771244983438392404469177
12668036610728463928203649475597209878652762301479026696470066110657295951558762342021438982258047796702690489941061684693594033771721764709445248056578970049066842001678025182676046614247727714686978665556498781506554784664427982900400375286062859752
25319199446011626836553527990763338049580876598221964968335110482880166568784544532368170997589881378466128187012227060667356347986813907446584219520059195326381244279166277617110483132385548548946742474957428539597327589446858066687553879355648033327
50611420315064639688376337603833089209506044939572451260244734837545218677194877145490603707037349933061817995752902962205113332021980228332822626068898379765079444560038539431729219180488768789682371659248619037609710627648939894738180517777086772902
101155587662077949443986362799111271018095972792465939205560835195322695387327092106735378853178819614771099731623364806217962293716817401512130787191593050643105184050534705425856925888689934861492700888368325619904642031894574252498895493793994330477
202203647965011853007170819158806314124015419668445430457689887559325021300903071764224838872708291550707565321753398535180995210730996279277578457461998694399786001960278679779002573917086992595452430207145064370764670168227313669679787145001839524052
404139246815606180866914674915991230154838358116732437839381003573857462647072667088736419389315225132588333896940053243842133695633098228823433385291760305406923036045615299877900728535113462483086794466927160239305927252705484384130984106888724423827
807849922761521357319777329468155892035468279709634477480196246889450134858429493747292240900077082006357708442239949911899483316311046321930102828240233850914972502482137211468303896332398756678070428608719970343209642233474517693122791690133688736002
1614631477180512148183121955009816910827470345779071534056696504599797330009507131693095584206763619375324987075105728973905083685652858088990798416592120073181376732831596961881404727036469493254243459355669575392338599710159502170781234742647405508577
3227554788545654167867430522530470643442216700801578624504566791099653571040026392213393971105299517734688073883103272823807185552322397203959546295750831648964490491006932389939900883554111114592795283312932770331918042178676388985772948733698627201952
6450851325279529566452385068933330200115193945841711398728657300987083569597487093089851888212198002148325251429574934484602061737113439054204332281900428942791647215905521837560170167230141967814487682332504866403368951111919090185532310594861499720527
12894894312750871722838631573100601404904632970917095540505188257649661083208830674678628865735821658670510610452994831767182486558147486375001194482031797672706889874250619324303985705222951284802461231476694764738562792974613420154826968196247673889502
25772816143893985534879941208026567273189131580223655582002315378673939897577930838305017205084818294936722478573391700918341607827468388595600667558793419034996677718795005919935263618860388975035133532051858759794472422840585826507708682299971176414477
51518495662380642658231377104469922468463749357992567422940634828421621313462544166006628268084560890690987364887742513806658121993363000615805362388815545662035555935737970733341466283787083411757203335488970948291813628713114385627764509408369335651452
102969342070442727103940541641255798324022874059553016938706053104652137643223666102132092271962090815894263822924449436000098013006894245183806337466506653325023678363580925524236728534426043094414461075067757947744090081938362429167151642448275594499427
205830522257655666194365163458726715500151012608696541804125669033848323800737805255105262157595195399995563424405868576803784657715698754847399873039535723059910289213223860270110109956489533268942094686929894569106237029869049441545201387351198052569402
411391404511925253739762545820436691690780545879247198368030964509792400978869148213028319792900024420342561023027430479019470111571060916431365370637369333498424703992533107914280957676292850237817843864835710788118925271928954535203308914540475223908737
822351690900308138195105449270624785910412868592612118328907619079232260198234898780851152927548302313180954615929277904059153183719538381856074792284812025344194726631174981355046737991575820795389824174828886202432696102247295791421532006302461821786792
1643628627331250683848485062688641233281879402141270320333968843105397261476498491780656870921213657648484554760785404624693254033256375292277199893195675675588027008162521231680559672388439038310662491558545870713462948816621808818387779383161574527609567
3285538863847312551897938096042314386957014357360515086427399206045012546872557769644428358632913167868718568009550089936516190437569931092691156352633381242627983807479276235775566914948462749741336533089710473417926165299108665386850075330214939449321782
6566793842687980466794816485848247893037369836432243082421014289109154980635080090105302426132629385622548933430759741239636730420863677087868309881915105908092048835533627649625559274284074052061559455529008140101308159519768423690432112332012325776546157
13126738306177860475386545588558702103928166363208937538214998812422351711130528495760381653208379018443572003196859324525352477562117803472571857550884868770404330321063171882985521867170860536160880139784571934742527709216773985464253631443297754914794852
26236401249516049689840651699524682489148231805377562655526076493242420926921892328614165112614756150989944984679970337355738556759577829934483505662455735974551249823277972800179653968670391834328258268789919699953726487727507729404090938413490372378804747
52445501152550857316019511827001715223026835078330049095871340489076235113305087015865357036682388282987017789597104209275465300069449656550811354659228811862367445358863287085042125087395412760631751287294835406304883723865697837675959821101497366494337042
104822940156891030860259244197252575142920279658932347083629885771545898809705062687309040928616443572394929169532787242592779337422064869489597674888212360575136017492580372829325963427011446766918112511629890333068498764634960449986409264139543803011628537
209537057363841936240620721053051089434843406854834268166214993627287261526138600327137708756283345176624517699505568598705267962860166855073300937581616854937809342822561001492452536208409506933170210147625223700657029414666368070374019827877669124332438432
418802817770891954754071915381141313274611876763625436314976885786378367168639183852647077050914235116742061280366413813610907684031834277173245255105108773284827279770193684498104478490948870521307348661797717953521379851572618858059959235060835752737486247
837171864578140199533702544653814956210071032098195098596092346552168958663273859149517846279473101728635514963003386746102849596670632572305671682288775539600534439953130476188807159775770840953214568932324533976937369862228555980342556329134084995311009902
1673262325748661467086373762064043874879612972007231775837663544140159683147902624968760230830797601552591749614617728506534017000848177228646838472389868162299168331471558770380272454241486835729636964126798150567511043568936650722318244533212812499599284597
3344795615645728780185126155749383345017320481065202483000146215372550673612519571832745846027653367800673546204186807922843635388103214607405485988325812497763655685660970069573262975068990879195089709169165368292400084667749060703680114957302496527317061372
6685280667559021179640980528891714495518516152566529828638894168445491269495492537774540276148336640817320990831846022980410437104978335827474980417214249953869188267362090473665133751336826140296267435504894108653664500904029118952612066992201105276608125867
13363669243504763751811038860948029006746688148954570451230172685199531076215177541871952336116674927371099731535685509320491605481093624730166168672007673651256811304086629087554765038485323836668895124427345894287679667415244473736684182248717563469045765802
26710156083395239347994460759887936143907503380970802724084589625935443440380026317342595919914624268681503347772771957922408633349686384869503465839983113742891566543109682139031146537901195682024904378332512308468875893944517637996267247128096469163381298937
53392839451175180992204609792595028532933605084243418297465283414635100919435202635559702551371795719505156715076352331047997380203234087482132980834322586623020586186729764065681028461851815825347676762203107979744434240509906421206872211253200269861512618472
106717187311305737990422068560270207588704415014657241985030958832792286081923360473503038358682758803849518686468988539569953362909214820335187271993310945281086304537229164044808847869838442361152439085428604954938914149451590692045440278249372005970452571207
213324864156137525696654146797881559977964641399353481900966597509864526611277481350898832517701305155235297866039736418884643817320061613669091115481597075495025420301487200128892542245897081681921181287363904537971237183145865938139934550987679612901009790342
426376708558912691529931522321411382773666943413409307339783840950148682344784526093315744625303506355032551882177792440541601526699939686446347283048411397621732311588863063282416823627138661485755897086078097146776170964909110281929600945082116120392452996837
852316888077574613617299492416778146382253396686184303824364293916856668486597418565774892630073017251652755571450464746883093746017880318110308098772282103573974753922474580574822279018746122255722560078350075807126326242810292821109611581888810429005668178052
1703545461830037830881990645704965954596395115432226268154953360409975563540415800425543186200055204171054585786641143438454470273033189043330048154277795264370348996625974296846506410013630377341058319413715705042925765748087952810255195235673432592612148015187
3405350824050103638501328165378795852021647365124802168177559653955916276418245161059929770900462743136019669053667834900485615415443233955661346689346593334854986840069250411076747892215068221057132271435268635429623773708118567699331924923413910466205157164162
6806363363231764552252487831173141868168408753298668974056301048685182954880425973571299806760736031153105392856742213201444399004625829649110243743085294668858741670802743448459896851769644011854749569486664847062853704462197991804975909731619976520160271780497
13605790256336615678267291789208520121758188418435117591647312645781101564511309689836636744940740817274432397731911965180258459487353526904794337834163802529900730476116670332148860766030495696815453559597747621189147480804375034343754404780757218934839597331552
27194286920406744054808782404118106612248974915403207956380416542125468666773734595108186102138474052804917212968002840373966052577049178194624088107142608818245127335672331497841450445971693060754926626312085514451128163287158049779776499055498980334983956142607
54360923126407426932403646332776109576541775076034581815397705036966732754299241878392160297371664187153717648925935961997460710880680737552745150743922011961194340303711461227541291657273581782651937846232933645984482658051153011010285791781449779706058381473662
108652908713440219826909235537418990097837686815328141607187726772996558700767171133240819191823751133037057491200624550862238412903268541502874142635947709959470258800543306061191838091817671691174828246933074440305980281222033795616114613076216812107897427164717
217195593062537232755236275294031625733139821711946073264523214991403508365119944331218847484713631701989476146108824074209582202363768834637018993038465997668399588354960581102743794972846163972949477009191800560203764161206686226972582491508616310571265713575772
434116377893121630705674803766965658516649843325127920535073396478013848365883576224675775098573559077027622701709878396216415971046826123209231888056263799822020618635781476945989705904919632814015706680109609637332356267871577925360440668177331576462098096788827
867793363686680798700336309672542485596575638371437599032052964501030969039468925509090501354373580064237225058696642315542229698174997402657580872304620630865025050369409614392623524939083054773665098168345584628922564827896948157811079441318678377207858673605882
1734491240746409518642753922422015688583853579437215802042602350071835785342886322461155614466294286929730393313689778468967865065643634500613584946376384501480697909948668545155776044739553163122139354874398575880468973150758104305248815052311245999285119791386937
3467230900338477342480683748859281643385835812541931054080291370738215992905967814748521501290456365551790693364695659090593143713793203235584899200094962451241707625219189062551965966072636644248263342016085599651927780999290832282660744339006255264025381991095992
6930094754446507674779557658297273842197736348520812401798895092285575997940278710160481467725272587298395738609998493027648931449818931779344717726727877124725188932289220849172074497254809736602135546295023416896424255773543012581039218909966549529832227800177047
13853206997586463024000319733736718529029473490248025940879328215594895597917048411821629593381397095294090274243895233595565737361596979940681544799189465245653613422958275174240020248135162051411504184848462821086996064399234097521350784049457413797772240828002102
27689005074345501081970226339449945274320703625400237198594567254388039670860129724161178443441263890717424085259068740231906924956311377676636097747629328763847895063706640891015270602701493174060860056659089368499411372931298614985614460144139145902930883626907157
55350174818342704557438422005710736136530919747402443893579418124148832689735834257857528742308615260996036447036795779005096875916898474561826102448025743076573891004613629391205130164639781912390190394984090202355513681276109997497782358149202613682526785967972212
110630949672340477234080001448335692250333794811602727058965498034604005472220180227012173827419747752663459787477552058781405865403451977179835579454695717197294550423540208902405706769233310301863974228350194621967360063571161175725020176952708873226144871223217267
221150934746339388313068348443688978867321987760199163165154036026447937781921809067083408485018442487108505085244366820563952931941938291263484001073912810934004536798505970435627717459137317993626665051798506213090694593766691945382397837353100716297807322306822322
442025207203666416335171923201683806646853433740769037393529956567403346989817065934671155794170941342518282787646835493590422808590915098365004381705611678465353875227221918075764458265537991078051913884647002468199900952015090932526054866696484208260326944674499377
883608054427649678243505953484961716751471385785285787866280642206581709994099578857291928406431048439857525299320611989104738305460872891502268680362274093585981917763438237929730659304931994947802278736295868051280850966369226354642270633925850998004560909610320432
1766113188909683846861775714425251345133336147029301791105259838389519382040043627979541457846199852720064824190054333035822350770081714224006904797315444403105819209985266287923880826863601913009760442629987623928583378553795584116580347018770489353496569491649765487
3530462897907819828899916936679564410069694526672316299876696055659975672169310749501048500940986051366008235838907943184946557170204322635246284550861630501424075001578317798198398927460823659456134204607765160394329061287366386558162144638845670840484127307896458542
7056528949283760999716459087241311320292770582445768538940043055550463563972867588366038675342104538979742136733848938050959104475031803532638071614201022638661766408246319084827209117998597492585467986919074245104995857098134032621493031885455248337372189522682463597
14106027685415312548089803094417925921089281990480096238587211620681014659125003861917995112355887604529057016120964702350748333589269029402334673297126826853738329045064219924164603488417475499080721809897446426305504879063295365928322098385133617854061260534547092652
28194526985958183935555418667822903430509062684839163976677505857440709877038253068605743524901667985373784787808295686836319103371858312750184866686592449840390315233186049557417584557482755816206552499833455820359604955511006587813121857812259685713879579031646919207
56361027415323695001205577373684606757175381951847711791654051437458693340473728141565075888511442996809338344096057111693452954491151711054342243489137710370193148523915736778501739023840840754593536923684739640120887140923817586853863003094281150259956392499217140762
112652175979553143241313498194944267896915521039939964793639433219932544412446923931775211824736815299202510450019867768206025745385553330106400608090196188887092440280211678467925676424211499735900910878319990408343956301262451526003467006086416581014438261620488797317
225192620813510465830336943246999844662803299770199628169642487407318130701495561156486954906193382183510919655215776888029476415830171390654260948288281103378184648967640129094029179692607306803049063894523175073490599411452731345370796724498779944185730242049163323872
450106659750768586285304957817912150646261585252255962492849736021405161346434913602569686484456268910356658087624167160111769783420666297657067901956869942182164485035264414240299193439568909712799128858169854346046782479235521489884205149939554221229716200400849361827
899767886894628302472162111426537915064860884237905638710465373488895080703155696491394395056331795322277054974457519736711748545302914897569768082566466629611919575863280368426902228143662104307753017716703522833422045462203332284689770989437150326019090114598558422582
1798425159657441539178824396460839568729717507318317179776998878710079019415342263923257953453584236049612678618357149555818234048331216883983164044714529107755252282077355954110933315802024842380242705531541353809826113331161616706797407405575980281803130432825683766137
3595074523658161816925096944346493000887088778588252450541368119438650996838460400441199211501590505407778755776389333859937733033651625643397951569939523167325740219063550802789820509368926667407803991258987509764287790972100848383509184974997277939576503559111641675292
7185721361968240630199617428857745229457603251882833579529510964510522529473904215907654104028868250990811867277920847146284557626294539747990297903700953549968620132570152055195156958766383349781448579895914456548807038577860423801166846308608992267474583600612479687847
14364363148897036514530633786620195050854404129226706424965201018268993172533999389271136265514688949023579047466451018397086033433582464542937761854535256578756283999117566115053391919824949746847259774351802984993441426113260686700716275170601539935622077472543077907202
28711074314412894097109175012577642270723145835852276849617293332207093384985506215828458776685898989146874554722826190658552982418030951533848540250073642929312224857942983686489713311464761821167840898755065092692831225649377996335612391920418931252612219283853219144557
57393924237102875076182765974925084287535769201041242432702190166504452736219836348773461987227887713451226716114891364941350877756800562916685947535020195923404719701324408281082207564267065249997961883053074358901731849186929399441201884445886009867287656973922446417912
114717474275997547510368714009752097407493988743139898343316940965484296754581965466065659898935727245139319814293456168813019187948806429417315100200348262454254162703279177302993311475823508895876877257052704049710029647546729090603881447078212706056854203390939891829267
229322424547301602854779376189538252733743400639057934908991399693829110107199692552052247212975268391594894786045020231862428327847284806153527743626439356058617502022380635179541634704888232975853381410455574589717121795551025357880741149924258637396202967261853773516622
458364282096100447353902709045737287764429502314364580299829099098641521536385196678793120168156604632168362116209455342368027389071441230810939053209747134519737174862990532987661897185854115109884189301171732892189497600317623576119776121900570029727094666661540975148777
916279954199888870162451383254762082203988983548448443340993279856389129118706254887042564405621531060977614163199632547786006292946953751310747695107488282694369514746617310658926038170622313352023604666514466719592440718608825696283161632137412344041072237118774816670532
1831441339153667437356716035473489216164345940172984160065156198580198060594681895920411106095192489642161427344023693631417094926329890401881661533800073290099287029358727372442742971517153472064529119613841433668073775991770453594194536923855271478369504256114221353234887
3661094149807426293322412643711621029166297847578423584155316593236129639857966702604017842688975512528094362792515522471474403018727675312594785766082346015964774893427804002451665489587210551717766833725136866858711895574672933047601891778535164252726845172186093279884442
7317728736531386470181582722071670723929685619454246126024811113769584145663512490116218609802552003051305085178383001118133764428588384646743004285776839501030483171182242726091925860726368650668353558420027944861361271338742584208159857882633736924997520493139313961780797
14628326875395749288827699740675556182215945120270834903452973886058084504553580239285607437955715428849071381439001779377997232473374942827761411380295774504496632276307405636994861938003728788213638304282110312488033159465146578783019046485569669393094864623855232154170752
29238874032182532232441188921556973788151609931089172819606423667857211403994603435870557567094079827957358092755073481537602529275709867154819605693077512978129600938297661629437859742609592998497238965794804099341736922725908486510903603181161025907439811289359072228878707
58449319224814155425989422426993455689386085361911009013210447468677591384537537527286630298202846173686685634182051031496691483593141523773957374442384858392096208714018103784960981001872465354257471458608720724649504436255386220544838896062063230514279963024438756068222662
116827752432412485611237352110244739243755657390866195795969539625581825559787339354127843390982328390987896489795740264314443866976681466911258475998432904381849193542659201085461168073598249408061432468423119578415608461759618666392823263195536345144688966717690659367634617
233542161669944229779884674149125626104395422616088083757038768494653768124450876651819337207103242351432873973782852862849523108492437983084886243167962351523174932477141608675915486770249856857952850512238482889098385511213360535868905778834151279822235674327287001587182572
466801705628147294493627738741970872613866291205155837767818900925643371580138811553231283163986712337854202613150783011589435790494079348433262283595729641399925369288293938345647733648003272353505949021807946930012515841122752753854166986812386502811346620848014951127610927
933151519027693000297562288442744838420999366521915323878020840480468296817875541662084133402395294376228233563280348260739015353467490412131134870539972616747525201852786112173935836887960303940382408462885612431389352731943445668857785579469862302423586045191006115309800082
1865176252504194394700339262838534748855349128164497120755180446762087867090898476512917618875694610036833151342502030489231985800117690829798392098138606278252722200336640534310314924313577922121854996793158621848354373446189969260551007537180658212816522493556349602019238037
3728550826134607166300801086624356548544132262458723539166255386497296727434493820847712374818775392941899842779907946676411738014121469955404418607046021312073113530659219453062875980110516713492519842901822319096495761807288154205623436224998094344770852989966397733783173592
7452609171327920806198802122503250715726079905318897978520628708868139602356310667246784733886549453480382588517106174430405125663768870612238765563243490905735332497966955753583263782242367718832068788424889922985710282934715524062317093942877064945342427439504719431316159547
14898035059647036182691881582568289617894356565310968459761598796510250506434570517774412299203710069285697442853889025318025784184703514331529753414021069619081206739245006817639305077044043152109385932776765340157071069594801263742253209720879104483148489795299588260387246302
29778158523325474683052018369571090679592556207693975957730650974597119352132073951064272188021264990969672557351829060651878031379376170648601287328484611476503498104545824957873487798885864580726736735695913386455829902945403185034498771947291162956034252611758185160025813057
59527677137722559431146269810449416060350601814858857489155867333573504081068064549878596723839608524410968192172083464878193455921524852161233913370320079622078623717892177250463953374807978000024154855749606691009384829677037469551363227070523259299079416349544238200799339812
118983939943318318902623116691290265242333813821490974427938549631525279378456808602229944379851337926600186504446616791439235961069514644355515531658004202226959088443174327300024837497567226495529379878785462612809051779176380807320860685890635043369792176324551308144228271567
237853691131311427820865154452056162026767358627057562181436163807427835812751059561655338276249839066285250171629707962669732627429186657913095134437385633750450231392328072863526558714000745143450218707785643769100942774211142251595624152104506202895840128774000411892968013322
475422648141341391870386466035295971118031783368559899154009416079279372195830721094568450360431804601956637139264520075186085026618219496516919527738889215780154965889818833980686425435860923945336875226551111254088051270971502450587359921262038566288568498016474568125866341077
950390016795445066182466325263483604822957967981933734564733944543028868476481203774456998820180698929600670707802774070274148891465973985213233502084637098822286883483983626205162583168574423055155167124847151396465594771183060159013040296306893337414657700844998829327081840832
1899644770086099436319529033971170004011401531223445692391593318789304117256355794797337245274892706358803790082008634058225438881910874088150122154439379497406413881470859841092538884530267409732965631852205344208436475155972010316543876096418480214977997839443078128565858042587
3797474292649855198106557441637853934166879851721233895050722384600630871034678602506200887719530939991125081067549706031903181123550065419568160162812110927074531040243158901305715473149919371546760442237687842359594029309915745372285022746663531305415839849580267503879755648342
7590422144403768558200690768209772760237226327508327743167041219641493072700693457684063477612993946744451198848327935998477668440915752931227980503443479971306594280413315594685854948304208857561568945340579284582402903863477069956998803279509272140204667397503302063300908650097
15173606654537997114909033932592161378137309113874032882197739593141426170142092407799923962404106499739786970219580481950845645909734432803371365508592124244666549683379187554399920196527773391978404833878288614948514419216273573599657851577556392463695466020998026990936572443852
30329165685154265647759014272942048404927997563468373826794559480443135523032175393742767420975779577812642028144451586550044634685408984164942385046483615396732870838939063304759755952913244273095872357846670435515454928473524975573895586543260114970810929079662688872163192627607
60629473756734614132892268965226932249499897339519986382523622395348397386819626451339576827108573706040535659176559808442905646074795278505368673649860800306211923499686946636411132725622527847614603152676397236484053425539686174211290694844277041845175721008667224660571725591362
121186988334462815315870786062123952593562191599346574417209853150050095716941478112645908819306976414215702516224619371282805709039976675556215830300914094065788480255021531681644969908343351920463789565410346311730591228740065879188511941343990072114236933303361444566313845495117
242258915924486721894539827968245245936605274826723113409810419584344666979732130981371285983636596282285415825304581616016783875156748278027904723047319605525560045199529520154043727911087256989973887213952739935533007644208882596845385464241095309172690986329435032706723139278872
484230915468863112231833131142157161292505721544587745911946222621059892888854707964493436374841137242144446407699345176279569145229569248351019977907630930645933977568790329516033678786175147284727805395312430221237487925465066027068628109557671359369953289242243145894690893218627
968003058921944470086374956851650320674120895243428565433152498862616428090641133176409133219795520385582111536723711367599968623214488954376987956995753883087512644787556780657206015405951008029969364642306713830746095938295982882424608999713189035844832091928520309177775567470382
1934862114090718767290663830769173099223883750660100790442565389298983307335732613979184123510564344069884946747230999163644816019766892546382540678118634248075277417087819641382689657727959098486270096379241872849383545130345210041495890714483237647197072096922301455771911243874137
3867894992690878943194446801102755116109941969512435826428391508124970874667434205963677700692962048835918122120704130169138559253454263910347262883311029438155414399551075321276795911454431648364689173096058782686278676680831057807997774078482348128304034506531090568988148924581892
7731228539714337601330481747962489382468725882686444656377687276042933672646748795499782776686389488474984583031628087756221939721078657750916851239938917170740015352742513688620078272287705014419077739889207241297786084638108713271124778957784436031399774940614355344332865821515647
15455163423584393223931020647874528147772961184503801074253922342144846931921289380139110850301876397860117615017453698506484594656577096544696171899437789988333544247390317430861712847334580012825405286835018797458518045408969984127502026867692478778473071423646571443934541150901402
30892139033289616143400388798599310573761026427691059121286516048381714072641894585016379162295473664348914303801972886929483855030005709716452653290888208060331802327400204215976376687565077722801674348039322165847616184634031078549675214870460198750829223015044028561343459014467157
61755196094665173656607415450949580321116751553618120426631827034888488976254629030369527951045291645045038306183879230697956326279294671644163456146241716641139518778134257086837099058162820855917826437760609158693446680767491820103440283058947273173751084823171967714366861946392912
123437871583744965052239679658235159126141619947381877271264360098221429811215140671356978029854478858556223418221324891158756077485207579293158525723781357525412545518057730386393005876561790604463238502177219975084689712749590675230238073896962256171959291726750891018712875341898667
246759783928233224212722418975391356046504774876819025194471337315206702508871206703613030688782404537697530749569849185004210388604368378384722128745693263016616192836360044543339281590563213583867170515984478438566757816428965757503101310034033056320740188821231782625704109664564422
493230403169105980023401160143636430001512211748054169188345993483383686654312706667056249344621241382908282262236717948496058757318628649011017391217519440322508595794412927065892841687568274702396861333942736095920811168615109554642524772673849057471402102739219975115243374850124577
985998436202747729134471905014059258025808212502885305323556007553944093695325074492873799994281900560257922137540275651280695241223087862706775972589174161257778510031966946319660970550580612099178069760202992141018835017814790781515068688319155460625826050304222769369878701761473532
1970843865280346017381409867365093523276771070932715997186517965668972221689463272858855194606389099733120341073489823230677603778795360510980390890670360279234094670544322606395666609700300764077087835424898543284319623452434375570732565441796859704758354397025340870932510572162791287
3939844086445857383900082264677350662981067644712545800504983811872935791589853132305164277143389378897008318130731350563299056423703260028409718482170609191292503323606281548116147269423436545217254715566464684624025941057893767484639967870939359630847091542058689587111135529544046642
7875090674193719198202744004794734426069068685428537350609812772015590087143613710849067251907691765464349873572860208513998057358529089118806329465218796977062094671426672203478524563541677346465662748950080453756550852583290971117267454385844019483359868487493622738780413342044548397
15742829995106281908073384430522371435924478660016852394287367960035625834004115727588158011126598366838598585784763727700852154873190777355137507231362862510254051408763926286124695126450128187930553088817795478474712951948563798187335109072272999188720725033731724761430996864783542952
31467327810103131972059965535659614827919795604998617095625913833459216572492103253692111394098950627502797789032514111909731602249240008445794022398880491325430022679550143910729071906292994486313310798334704622616062319906056751581158748285492199520587682037641429863134189076388145507
62905342613268556744278427999616070984194926490767281112286441077689917294235061798525790024578194206746897974351958226162661749348064325245101212369145246704574023017234288619249861120004691698531803247150002005603786225047989957622494356552291841105466839956894341122942598665723964062
125737586555635079628768102280670620283300499842784510149329298534576994329078244278483366487759097476765455862891884385618423878982787926017641587696881818621750181636800095581023273922886474891002483891181494679981865938301633647554579347667267854880602107011812071366689824602635510617
251358288776403798737800200195921355868066958127298869227136816416776823990121874628688738616343320128332929157872774635479849973689310094736648333739562023614990656820129227049301933904108430043977540925645377937140657267778698305268163104478596613036249592338059439578314683234698513172
502425098265896905720449348663659888636060059433198119365555395440382757335595149786326685834764591294286673025305507724297592198612196485665366016273140028858117964471477167271202535643722520426376966623493974879480078680502139438195199603587430125068795447085567480313261728855616195527
1004384122292838788450332598236374015770506446781867151625196096746800898049927714558829783232859959489012958037641926491027966683967811321013505571788513634601018937058862725000347020900120881267625129648111999192180760259718333521549141587291273144855138040675596866094853148454243237482
2007605969959049431041113916752708821046660958635945249619752514298089166168571666690762006041905030895070661013081135146477758221871975085856581551286227307038893905495587472801136770313753512194015988246587444924667660175731898884238335485123607093854367673824177213601652974274447607037
4013353464903797593353691373156284982606231719500841479084140364339117689095838393541552479672849508723791199914725923579366383864873236709689530378748621112866716865630990600745217048041854683290692237992777733496726996765340206805598033211212922901279371386089859484558869612537806631792
8022072325676827148803384349861548750184329135547102564576427943607573318622075518845165558161655248762105745034080200239793593000008326628558262510339618587687319734492176467440311389601560012445428304492597469484778566792026807432351289415749279226679521235678714270625528969437592903347
16036733918106419490527308367170187729799479861956093362124514981330883161346253441054423846366183513219608302588853453355297969119411073137498561250187823400493482420804927811637433858824473657716284004499676100304814603692869993469891662577179716588029963359913914086911073763610233668502
32054987096557922989093122558769214037811641860621883687900027438120309599797166081719060245079349947582941982297207063156412005983779220494097372985829413474492326729976396931796165320169532282390981208304901384360596004017235135866458056159733939041910492533908374677857538737841476061657
64080423447053248801342717098949015002617826403801273070130390733041969229701548159294452864809792721757937906312721386328745364338078169546013210713057774070876534284865301603878114765758880865873361419706419974887868131188644190981076490584535731680851195807421356818125844072189921710812
128087153449131996467584492624826355416018679956370435773831499400843524512778461115986996860002438431052515215132005151298535507569986798844564511526782843541530672126135942182385171217059445131519025656615408869873676483279663708075769973551596615991182784110344277673671462688012201137967
256056470754377587841810630122098774726608871527719145120474098814404871102200435830913843606119490010586255293558827799863239220557114788636386738513501330760724670540170054573742441679782440761491257944539338373776557285209904149130613553603175683644296142472087075959771707866782148121122
511819081042651367985184905248818269194676317821124309512498769429288357435639657646312936466970045277257621606521125042661904271879928469805486341709767491790918926469684175597371583023058706478128324132326107980856022012695206601149138461644235410388451841425575155132897588384719703066677
1023168277296981525666855455634431913977698273558642383995287582446816123257113373662656521557287607918204240388554371473928491999874113533729140697325129000443113697430158313885544466127441512368095058119838557794288654591290633075095026025664256455314692221562553796080074739580992473937032
2045164747158391400611253749387095394060763086642320202712915865161808077109207447434385090093721351959194624906118259185035312071588260763608911646765473189220745711384587548395676141927368455106422095468531327526175867382700731206019245151321255771752875452376835596456477783428836221480187
4088455764233960710081107529873858544743913614418317509900223087271728407022542236716883625522387458800272540894743429455822596830742332325400915783855782738249252211326926975349725403118383671541469739539584737094972240599740172650900127400252211631214944384545723715691332612579821922368942
8172238761677860881549458617531625760096229235409154370025923755031064157690676237892563224166951078997582834955940731000879064630715800961013459739392532319154762561097267669753326636764283673000971491086730349048394102716445632667608182583362961569449581668702357108538658873147557357560097
16337005719858422777014804319531401104786875042829670336028411314089230749868408662854604949243309725907357885162282295094473898512328063744267083331822161963814280610523610899056031815319953244509381457586060365771066942632483129827970583634833299665229355656834481048610927996548792261356052
32655377927461618239892178195677606625921930546498008286108495633426823715963883840258661168727455567580766413322549383747136164626722753359385568903699656489949531256598729684765758195283461608635999435516496519071649010733661479888052220796243388690530663018688128110700244847947285324762007
65280960633910080837593608420116672499945805442661990204343773473323269429894844522546746377027175798781441897390667521517933295206682296638233778434472880779036247095971399583289526978062647557999033436309144945528049535205121535747572330177532979574875037127984821416823657155340294707387962
130487616259319332782377048976421023782502147714016655469997505443252433210564597307639936538441039544436391033650954319796742210209662007666496998819726939379786728771441630703120697453174997108130939531859219529189428856964445040617422475057436626320743084472970382167571427868677358167473917
260856417722650163421324510196455945882123424735752687430488145673247033124711934298343336606083190318999887474295578439091574694058682054193590240913942666603864742119106984265566671312953673859800589816924146427260765773299495443507932690934568384789658478289333677807567915393902529782479872
521416526890726352308407841273209702328492806085291490807805996488147881966766526263112849935352877830913318223087684675273523655255199015931611220259328748077407354460811164096012425812708543122297692268387114990245058781654212444688700477232692635864417448014837386624247043243287819527417827
1042359251468293257691762912063401127468358396090435837018778268472861228664635628176014589787877638817526617588174755145229705571146709808091487674107055538049879164790592996462457741592415797406449699052646166883055263974048262642449983404372801872150863569558621921794291451740993345532219782
2083536896039160352245876794786143169692378325588755412394343182346751887779111724506671348417007750269884460970747283687146218502426792795045336063773104598974386704705515719129953097322496350481321585980434664288206039130887497903033028761586204938361271189949114177234501522796748060479845737
4165184380596627825141508301373986446084706934073425446099093379998997171726801809672838144599348562653731392388290728372983393464484020171587128325075798201802965703790720222399548532953323501137633233195282052718037954216617103289259598978946195664419601808033021873215042918968601153313119692
8325656769029762314113789857269542147654774224353994871140406858045800578054673502614017881665441649459638839127737446574011647240065501480984507630725690147500858207681589340164803274564707370132471881146265396182954341965150029475298333703468982466962705407280806353852384503329732102775645647
16643778965214230835239371511780522699580318878226363078854846896881720229142908411105223500499039285109667316510990711805422058642695490656093061025069978778937377721183787686921376628137204675804364530569520649718039675039289597260961397442317361422475354968856344403803326464069418765496675602
33268767410151364714723980746689461623919951165238532099820868400985955298261483618413417950044588199890444709075074502036683231227156677088251323298448711092833425844152840578417197107027545257595726128167599090715835781228485031122952988725000848432095515225954878936054261063212507816776785557
66507488352593829310926645142394317293087758718530302747290052835626821203440739423355590061014039672932719932000819342267645926175280258034509003329896330771648531186055602559391511836553572391626025622115323906639053433647792197137601635095354551549930696874099406432905180939162401645175055512
132940043252602612565835221367462674636638985275502168142448755109214356410627873264461195272844608200639161872673445673085056804469425667696183941108740695043935518056475714482299579249029847758570964192372969718617718588352767945408672373310911702641061882799495745784128945892457065342026005467
265760266067744033138155621251258035328957049839834223032986493060695230221830763177893666686397410837673937248839834985075364049455614734788693394382378548503166267983930526289075152027406619591345180915250457522707278747629080858192587295216875749678785077279395708844098401000441268775782315422
531221708212312076552739240525924115843356736200689969662776486134270067425703517243914563702987162028498049529457399223085862216984089008344021707907230060156108900059682950591093073910582565170998500856190619529216384683715600752195093929587107312052224426224758467556491063306380936451557617377
1061965589015733365651849298582331636001919666154593099771070989452032831414915999615112311925650810326900835618977313313136742229597133694824987741934508888196475296432030599883595694003356858244410027233256129940564582173422534608634783988885873905097096084101046817573730140008231532611370903332
2122739503510532812963390205091774976094687786432508240014845270293969457186934269789596873747546781273711818774267849789018304517369068057131169463497887455228650060582454595880877217172163333507971518485725310249484432343850900394056830447588225609826220601151825613121418403537396100802800403287
4243573485388088576699792808507289956055866287358447400529579106184253806524564115570655062767907397517339196061099631036561231355458781771087782560133465500244441560289031285287716546493034173151832939489001830353547587875722130037443589705097747537923850836551585299730005040721188613057462331242
8482394684390547805647236991455459138007651444186776605569590282442766102543586908187382490838721520360038362830065126687041250745793072740957631784428387773907579978320074020078239782270645282070619572247915550490965476252488256684771917995234070334844270163139550267673545571343704562846912591197
16957190317642813965016764333468936723940649912819885899660156139437734291925395594475448397010442656400881108563298051143395455240616518222653953264041998504865412233000048845636130830961736929539256628518103670695092830319044177339983384350623994869410267672103925798286993888843667387705939515152
33895428846635156220309931722209285518631293452227606014243296107542689657805139951853839174086586439293436426725137585362490250456256647919746539591129695611341759281787829756160951546016107966279181177546761726775477048564999385219780638607474428899874558939029201951102366399000376479019241099107
67760553167107650667450379204403376730837227133184547769811584297867619376680755651412879692971575515889416889744190339107066227113530146047631655613165565468855135918791222836619631593797037781561680712092359654608374995169753167548749468667245881922135437721876279348321587294470578103241092003062
135445527455727864022951023586744524436555674383529413325103705709742277412063152369316825607815319618181419135173346459318385165488856686911990022348354397716717046622830618589270812152055681228521429265797053879309521813866134562554720425130849511166482885148759500714820641536949902082793250867017
270770201680643515195172061769379785129299148772650126479843493564716392080459111123910582314576573771865464945422709312463190027300289313249294890509849154745276025460942019686306993731269751938835675857819940697747166376745771182914695634402117492855003469863715010019879362473447470773006025650972
541238996378277451125200446765002683570118627385044983138279718973003221101616166827810580983589013008230813798182845218009099764137061898361546868521103149485667746430929287461424407350352766321332209530402576318470333432503551743531971340783098850726981982880238950626180297464593492395118711043087
1081996032021347956570843525386600857507090114443988126804108819487915478828295416430323063577103822409958768735964527228357219251024514401023693066231875619649724951664668288592704285049173668048193317364104709543764545474017620184663848041383506960965876352499899753834965660565036419881031217651522
