Ben Gonzales, Ben Yonas, Ben Armstrong
Ben Davis, Ben Stiller, Ben Gonzales, Ben Yonas, Ben Franklin, Ben Armstrong
Ben Bakhit, Ben Norman, Ben Binzley, Ben Alexander, Ben Gonzales, Ben Jackson, Ben Yonas, Ben Davis, Ben Bui, Ben Armstrong, Ben MeHere, Ben Mitchell
Ben Squid, Ben Shrittey, Ben Aayyysh, Ben Ranik, Ben Charlie, Ben Malek, Ben Rasppberry, Ben Boi, Ben Jenga, Ben Stefean
Ben Raspberry, Ben Gupta, Ben ChrisJohn, Ben Boi
Ben Malek, Ben Weaspoppy, Ben Charles, Ben Yonas, Ben HelloWorld, Ben JohnChris, Ben Armstrong, Ben Gupta
Ben Charles, Ben Chakarayara, Ben Binzly, Ben Dan, Ben Gupta, Ben ChrisJohn, Ben Raspberry, Ben HelloWorld, Ben Yonas, Ben Stefan, Ben Boi, Ben Armstrong, Ben Amel, Ben Squid, Ben Weaspoppy, Ben Mitch
Ben Squid, Ben Dan, Ben Binzly, Ben JohnChris, Ben Armstrong, Ben Boi, Ben Charles, Ben HelloWorld, Ben Amel, Ben Gupta, Ben Chakarayara, Ben Mitch, Ben Norman
Ben JohnChris, Ben Norman, Ben Charles, Ben Binzly, Ben Raspberry, Ben Weaspoppy
Ben Weaspoppy, Ben ChrisJohn, Ben Gupta, Ben Binzly, Ben Chakarayara, Ben Amel, Ben Dan, Ben Mitch
Ben Chakarayara, Ben Boi, Ben hello, Ben Malek, Ben HelloWorld, Ben Stefan, Ben Charles, Ben Gupta, Ben Raspberry, Ben Weaspoppy, Ben Yonas, Ben Mitch, Ben Amel, Ben Norman, Ben Squid, Ben Armstrong, Ben ChrisJohn
Ben JohnChris, Ben Mitch, Ben Dan, Ben Squid, Ben hello, Ben Amel, Ben Chakarayara, Ben Armstrong, Ben Weaspoppy, Ben HelloWorld, Ben Binzly, Ben ChrisJohn
Ben Raspberry, Ben Amel, Ben ChrisJohn, Ben Boi, Ben Charles, Ben JohnChris, Ben Chakarayara, Ben Stefan, Ben Norman, Ben Binzly, Ben Mitch, Ben Gupta, Ben HelloWorld, Ben Armstrong, Ben Weaspoppy
Ben Gupta, Ben Raspberry, Ben Malek, Ben Mitch, Ben ChrisJohn
Ben ChrisJohn, Ben Amel, Ben Mitch, Ben Chakarayara, Ben Malek, Ben Yonas, Ben Gupta, Ben Charles
Ben HelloWorld, Ben Charles, Ben Yonas, Ben Binzly, Ben Boi, Ben hello, Ben Stefan, Ben Chakarayara, Ben Amel, Ben ChrisJohn, Ben JohnChris, Ben Gupta, Ben Raspberry, Ben Dan, Ben Squid, Ben Norman, Ben Mitch
Ben Boi, Ben Yonas, Ben Dan, Ben Raspberry, Ben ChrisJohn, Ben Chakarayara, Ben HelloWorld, Ben Gupta, Ben Charles, Ben Malek, Ben Norman, Ben Weaspoppy, Ben Amel, Ben Squid, Ben JohnChris, Ben hello, Ben Mitch, Ben Stefan
Ben Chakarayara, Ben Gupta, Ben Boi
Ben Binzly, Ben Charles, Ben Chakarayara, Ben hello, Ben Amel, Ben Weaspoppy, Ben Norman, Ben Boi, Ben Raspberry, Ben Malek, Ben Mitch, Ben ChrisJohn, Ben Stefan, Ben Dan, Ben Yonas, Ben HelloWorld, Ben Squid
Ben Norman
Ben HelloWorld, Ben Mitch, Ben hello, Ben Binzly, Ben Squid, Ben Charles, Ben Boi, Ben Raspberry
Ben Gupta, Ben Amel, Ben Malek, Ben Yonas, Ben ChrisJohn, Ben Squid, Ben Raspberry, Ben HelloWorld, Ben Binzly
Ben Chakarayara, Ben Norman, Ben Yonas, Ben Dan, Ben Stefan, Ben Raspberry, Ben Malek, Ben Amel, Ben HelloWorld, Ben hello, Ben Binzly, Ben Squid, Ben Mitch, Ben JohnChris, Ben Armstrong, Ben ChrisJohn, Ben Weaspoppy
Ben hello, Ben Norman, Ben Dan, Ben Binzly, Ben Gupta, Ben Malek, Ben Charles, Ben JohnChris, Ben Mitch, Ben Weaspoppy, Ben HelloWorld, Ben Raspberry, Ben Boi, Ben Yonas, Ben Squid, Ben ChrisJohn, Ben Amel, Ben Armstrong, Ben Stefan, Ben Chakarayara
Ben Norman, Ben Armstrong, Ben Stefan, Ben ChrisJohn
Ben Dan, Ben Binzly, Ben Yonas, Ben HelloWorld, Ben hello, Ben Squid
Ben Squid, Ben Amel, Ben Boi, Ben ChrisJohn, Ben Weaspoppy, Ben Binzly, Ben JohnChris, Ben HelloWorld, Ben Chakarayara, Ben Dan, Ben Armstrong, Ben Yonas, Ben Raspberry, Ben Mitch, Ben Stefan, Ben Charles, Ben hello, Ben Malek, Ben Norman
Ben Amel, Ben HelloWorld, Ben Raspberry, Ben JohnChris, Ben Dan, Ben hello, Ben Malek, Ben Weaspoppy, Ben Norman, Ben ChrisJohn, Ben Chakarayara, Ben Mitch, Ben Yonas, Ben Charles, Ben Stefan, Ben Gupta
Ben Stefan, Ben hello, Ben Weaspoppy, Ben JohnChris, Ben Charles
Ben hello, Ben Dan, Ben Stefan, Ben Yonas, Ben Armstrong, Ben Weaspoppy
Ben Norman, Ben Stefan, Ben Weaspoppy, Ben ChrisJohn, Ben Chakarayara, Ben Armstrong, Ben Amel, Ben Dan, Ben HelloWorld, Ben Mitch
Ben Stefan, Ben JohnChris, Ben HelloWorld, Ben Norman, Ben Chakarayara, Ben Dan, Ben Mitch, Ben Boi, Ben Armstrong, Ben hello, Ben Weaspoppy, Ben Raspberry, Ben Malek
Ben JohnChris, Ben Armstrong, Ben hello, Ben Gupta, Ben Weaspoppy, Ben Norman, Ben Yonas
Ben Squid, Ben Dan, Ben Gupta, Ben Malek, Ben Amel, Ben Raspberry, Ben HelloWorld, Ben Norman, Ben Chakarayara, Ben Mitch, Ben JohnChris, Ben Weaspoppy, Ben Stefan, Ben Boi, Ben ChrisJohn, Ben Armstrong, Ben Yonas, Ben Binzly
Ben Weaspoppy, Ben Chakarayara, Ben ChrisJohn, Ben Norman, Ben Gupta, Ben Yonas, Ben Raspberry, Ben Stefan, Ben Mitch, Ben Dan, Ben hello
Ben Armstrong, Ben Malek, Ben Yonas, Ben Boi, Ben HelloWorld, Ben Gupta, Ben Charles, Ben JohnChris, Ben ChrisJohn, Ben Dan, Ben Stefan, Ben Squid, Ben Amel, Ben Chakarayara
Ben Gupta, Ben Mitch, Ben Weaspoppy, Ben Armstrong, Ben Malek, Ben Stefan, Ben Amel, Ben Chakarayara, Ben Binzly, Ben hello, Ben Dan, Ben Boi, Ben Norman
Ben hello, Ben Stefan, Ben Norman, Ben Boi, Ben Amel, Ben ChrisJohn, Ben Squid, Ben Raspberry, Ben Armstrong, Ben Mitch, Ben Charles, Ben JohnChris, Ben Dan, Ben Yonas, Ben Binzly, Ben Chakarayara
Ben Dan, Ben Yonas, Ben hello, Ben Mitch, Ben Gupta, Ben ChrisJohn, Ben Malek, Ben JohnChris, Ben Squid, Ben Armstrong, Ben Amel, Ben Raspberry, Ben Charles, Ben Norman
Ben Chakarayara, Ben HelloWorld, Ben Dan, Ben Boi, Ben Yonas, Ben Stefan, Ben Binzly, Ben hello, Ben Mitch, Ben Malek, Ben Armstrong, Ben Charles, Ben JohnChris, Ben Weaspoppy, Ben Raspberry
Ben Mitch, Ben Yonas, Ben Dan, Ben Gupta, Ben ChrisJohn, Ben Norman, Ben Boi, Ben Amel, Ben Armstrong, Ben hello, Ben HelloWorld, Ben Binzly, Ben Chakarayara, Ben Malek, Ben Stefan
Ben Stefan, Ben hello, Ben Gupta, Ben Amel, Ben JohnChris, Ben Weaspoppy, Ben HelloWorld
Ben Charles, Ben Amel, Ben Raspberry, Ben Boi, Ben Gupta, Ben Weaspoppy, Ben ChrisJohn, Ben hello, Ben Dan, Ben JohnChris, Ben Yonas, Ben Chakarayara, Ben Malek, Ben Squid, Ben Binzly, Ben Norman, Ben HelloWorld, Ben Stefan, Ben Armstrong, Ben Mitch
Ben hello, Ben Norman, Ben Yonas, Ben Dan, Ben Boi, Ben Gupta, Ben Stefan, Ben HelloWorld, Ben Amel, Ben Binzly, Ben JohnChris, Ben Raspberry, Ben Squid, Ben ChrisJohn, Ben Mitch, Ben Chakarayara, Ben Charles, Ben Weaspoppy, Ben Malek
Ben Gupta, Ben Boi, Ben Malek
Ben Yonas, Ben HelloWorld, Ben Charles, Ben Squid, Ben Mitch, Ben Norman, Ben Malek, Ben Raspberry, Ben Chakarayara, Ben Binzly, Ben ChrisJohn, Ben JohnChris, Ben Armstrong, Ben Gupta, Ben Amel, Ben Stefan, Ben Weaspoppy
Ben Norman, Ben Armstrong, Ben Gupta, Ben Mitch, Ben HelloWorld, Ben Malek, Ben ChrisJohn, Ben Yonas, Ben hello, Ben Binzly, Ben Amel, Ben Weaspoppy, Ben Dan, Ben Chakarayara, Ben Boi, Ben JohnChris, Ben Squid, Ben Raspberry, Ben Stefan
Ben Mitch, Ben ChrisJohn, Ben Malek, Ben Gupta, Ben Dan, Ben Weaspoppy, Ben Armstrong, Ben Norman, Ben Squid, Ben Amel, Ben Stefan, Ben Yonas, Ben hello, Ben Chakarayara, Ben Charles, Ben JohnChris, Ben Raspberry
Ben Squid, Ben Weaspoppy
Ben Charles, Ben Boi, Ben HelloWorld, Ben Squid, Ben Weaspoppy, Ben Yonas
Ben Weaspoppy
Ben Boi, Ben Yonas, Ben Weaspoppy, Ben Mitch, Ben Armstrong
Ben Malek, Ben hello, Ben Armstrong, Ben Squid, Ben Amel, Ben Yonas, Ben JohnChris, Ben Dan, Ben Mitch, Ben Norman, Ben Gupta
Ben Malek, Ben Armstrong, Ben Weaspoppy, Ben Dan, Ben Yonas, Ben Gupta, Ben Binzly, Ben ChrisJohn, Ben Raspberry, Ben Charles, Ben Amel, Ben Mitch, Ben Chakarayara, Ben hello, Ben Stefan, Ben HelloWorld, Ben Boi, Ben JohnChris, Ben Norman
Ben Squid, Ben Raspberry, Ben ChrisJohn, Ben Chakarayara, Ben Armstrong, Ben hello, Ben Gupta, Ben Charles, Ben Mitch, Ben Norman, Ben Stefan, Ben Dan, Ben Binzly, Ben JohnChris, Ben Amel, Ben Boi, Ben Yonas, Ben Weaspoppy, Ben Malek, Ben HelloWorld
Ben Binzly, Ben Malek, Ben Boi, Ben Weaspoppy, Ben HelloWorld, Ben Gupta, Ben Norman, Ben Armstrong, Ben Mitch, Ben hello, Ben Dan
Ben Weaspoppy
Ben Binzly, Ben Squid, Ben JohnChris, Ben HelloWorld, Ben Stefan, Ben Weaspoppy, Ben Malek, Ben Amel, Ben Dan, Ben hello, Ben Charles
Ben ChrisJohn, Ben Charles, Ben Yonas, Ben Gupta, Ben Stefan, Ben Squid, Ben Raspberry, Ben Norman, Ben hello
Ben Charles, Ben Malek, Ben Chakarayara, Ben Boi, Ben Dan, Ben Amel, Ben Raspberry, Ben hello, Ben Squid, Ben Yonas
Ben Chakarayara, Ben HelloWorld, Ben Norman, Ben Malek, Ben JohnChris, Ben Mitch, Ben Boi, Ben Dan, Ben Binzly, Ben Weaspoppy, Ben Charles, Ben Raspberry, Ben Squid, Ben Yonas, Ben Armstrong, Ben Gupta
Ben HelloWorld, Ben Weaspoppy, Ben Norman, Ben Armstrong, Ben JohnChris, Ben Binzly, Ben Mitch, Ben Malek, Ben Charles, Ben Gupta, Ben Stefan, Ben Dan, Ben Squid
Ben Mitch, Ben ChrisJohn, Ben Binzly, Ben Weaspoppy, Ben Malek, Ben Stefan, Ben hello, Ben Amel, Ben Charles, Ben Chakarayara, Ben Boi
Ben HelloWorld, Ben Malek, Ben ChrisJohn, Ben hello, Ben Amel, Ben Binzly, Ben Norman, Ben Charles, Ben Gupta, Ben Raspberry, Ben JohnChris, Ben Yonas, Ben Weaspoppy, Ben Squid, Ben Stefan, Ben Chakarayara, Ben Mitch, Ben Dan, Ben Armstrong
Ben Mitch, Ben Boi, Ben Amel, Ben ChrisJohn, Ben Raspberry, Ben JohnChris, Ben Chakarayara, Ben Norman
Ben Raspberry, Ben Yonas, Ben Stefan, Ben Malek, Ben ChrisJohn, Ben JohnChris, Ben Dan, Ben Armstrong, Ben Amel, Ben hello
Ben Weaspoppy, Ben ChrisJohn, Ben Gupta, Ben Armstrong, Ben JohnChris, Ben Malek, Ben Amel, Ben Squid, Ben Raspberry, Ben Chakarayara, Ben Yonas, Ben Dan, Ben Charles, Ben Norman, Ben hello, Ben HelloWorld, Ben Mitch, Ben Boi, Ben Stefan
Ben Yonas, Ben Stefan, Ben Dan, Ben hello, Ben JohnChris, Ben Armstrong
Ben Charles, Ben Stefan, Ben Malek, Ben HelloWorld, Ben Yonas, Ben Chakarayara, Ben Norman, Ben Armstrong, Ben Amel, Ben Gupta, Ben Dan, Ben Weaspoppy, Ben Binzly, Ben Mitch, Ben hello, Ben ChrisJohn, Ben Squid, Ben Raspberry, Ben Boi
Ben Stefan, Ben Armstrong, Ben Yonas, Ben Raspberry, Ben HelloWorld, Ben Gupta, Ben Malek, Ben Chakarayara, Ben JohnChris
Ben Dan, Ben Weaspoppy
Ben Chakarayara, Ben Gupta, Ben Boi, Ben Armstrong, Ben Norman, Ben Binzly, Ben ChrisJohn, Ben Amel, Ben Stefan, Ben hello, Ben Weaspoppy, Ben JohnChris, Ben Yonas, Ben Mitch, Ben Charles, Ben Raspberry, Ben HelloWorld
Ben Malek, Ben Armstrong, Ben Weaspoppy, Ben Charles, Ben Gupta, Ben Amel, Ben Dan, Ben Norman, Ben HelloWorld, Ben Raspberry, Ben ChrisJohn, Ben JohnChris, Ben Squid, Ben Yonas, Ben hello, Ben Stefan, Ben Mitch, Ben Binzly
Ben Malek, Ben Stefan, Ben Chakarayara, Ben JohnChris, Ben Gupta, Ben HelloWorld, Ben Mitch, Ben Yonas, Ben hello, Ben Charles, Ben Amel, Ben Raspberry, Ben Dan, Ben Squid, Ben Weaspoppy
Ben hello, Ben Dan, Ben Armstrong, Ben Mitch, Ben HelloWorld, Ben Weaspoppy, Ben Amel, Ben Chakarayara, Ben Binzly, Ben Charles, Ben Malek, Ben Yonas
Ben HelloWorld, Ben Charles, Ben Squid, Ben Yonas, Ben Amel, Ben Dan
Ben Mitch, Ben Boi, Ben Amel, Ben Dan, Ben Armstrong, Ben Gupta, Ben Charles, Ben Yonas, Ben ChrisJohn, Ben Malek, Ben hello, Ben Raspberry, Ben Squid, Ben JohnChris, Ben HelloWorld, Ben Weaspoppy, Ben Norman, Ben Chakarayara
Ben Stefan, Ben Charles, Ben Raspberry, Ben hello, Ben JohnChris, Ben Amel, Ben Malek
Ben ChrisJohn, Ben Raspberry, Ben Charles, Ben Norman, Ben Yonas, Ben Mitch, Ben Gupta, Ben Weaspoppy, Ben Malek, Ben Boi, Ben Chakarayara, Ben JohnChris, Ben Armstrong
Ben Weaspoppy, Ben Mitch, Ben JohnChris, Ben Raspberry, Ben Amel, Ben HelloWorld, Ben Binzly, Ben Dan, Ben ChrisJohn, Ben Squid, Ben Malek, Ben Chakarayara, Ben Gupta, Ben Charles
Ben Stefan, Ben Yonas, Ben HelloWorld, Ben Amel, Ben JohnChris, Ben Weaspoppy, Ben Charles, Ben hello, Ben Norman, Ben Binzly, Ben Gupta, Ben Raspberry, Ben Armstrong, Ben Squid, Ben Malek, Ben Boi, Ben Mitch
Ben Boi, Ben Dan, Ben Armstrong, Ben Gupta, Ben hello, Ben Weaspoppy, Ben Malek, Ben JohnChris, Ben Norman
Ben Weaspoppy, Ben hello, Ben Raspberry, Ben Malek, Ben Stefan, Ben Yonas, Ben Norman, Ben Chakarayara, Ben HelloWorld, Ben Squid, Ben Mitch, Ben JohnChris, Ben Gupta, Ben Dan
Ben HelloWorld, Ben Squid, Ben Dan, Ben Yonas, Ben Charles, Ben Armstrong, Ben Raspberry, Ben Mitch, Ben hello, Ben Norman, Ben Chakarayara, Ben Binzly, Ben ChrisJohn, Ben Gupta, Ben Malek, Ben Boi, Ben Weaspoppy, Ben Stefan
Ben Yonas, Ben Armstrong, Ben Dan, Ben Raspberry, Ben ChrisJohn, Ben Malek
Ben Chakarayara, Ben HelloWorld
Ben ChrisJohn, Ben Dan, Ben Chakarayara, Ben JohnChris, Ben Charles, Ben Boi, Ben Raspberry, Ben Gupta, Ben Yonas, Ben Mitch, Ben HelloWorld
Ben Raspberry, Ben ChrisJohn, Ben Chakarayara, Ben Weaspoppy, Ben Malek, Ben Yonas, Ben Charles, Ben Dan, Ben Amel, Ben HelloWorld, Ben Squid, Ben Norman, Ben Gupta, Ben hello, Ben Boi, Ben Binzly, Ben Stefan, Ben JohnChris, Ben Armstrong
Ben Stefan, Ben Malek, Ben Weaspoppy, Ben HelloWorld, Ben Raspberry, Ben Gupta, Ben Chakarayara, Ben Charles, Ben Mitch, Ben Yonas, Ben hello, Ben ChrisJohn, Ben Armstrong
Ben Amel, Ben ChrisJohn, Ben Weaspoppy, Ben Chakarayara, Ben Dan, Ben hello, Ben Charles, Ben Gupta, Ben Armstrong, Ben Norman, Ben JohnChris, Ben Binzly, Ben Squid, Ben Boi, Ben Mitch, Ben Stefan, Ben Raspberry, Ben Yonas
Ben Norman, Ben Binzly, Ben Amel, Ben Malek, Ben Squid, Ben Armstrong, Ben HelloWorld, Ben Boi, Ben Mitch, Ben Weaspoppy, Ben JohnChris, Ben Charles, Ben Yonas, Ben Dan, Ben Stefan, Ben hello, Ben ChrisJohn
Ben JohnChris
Ben Norman, Ben Raspberry
Ben JohnChris, Ben HelloWorld, Ben Stefan, Ben hello, Ben Raspberry, Ben Amel, Ben Boi, Ben Squid, Ben ChrisJohn, Ben Norman, Ben Dan, Ben Gupta, Ben Charles, Ben Chakarayara, Ben Yonas
Ben HelloWorld, Ben Charles, Ben Amel
Ben Squid, Ben Amel, Ben ChrisJohn, Ben Chakarayara, Ben HelloWorld, Ben Malek, Ben hello, Ben Boi, Ben Raspberry
Ben Raspberry, Ben Norman, Ben Squid, Ben JohnChris, Ben ChrisJohn, Ben Weaspoppy, Ben Boi
Ben Chakarayara, Ben Malek, Ben Dan, Ben Gupta, Ben Squid, Ben Weaspoppy, Ben Amel, Ben ChrisJohn, Ben Binzly, Ben JohnChris, Ben Raspberry, Ben Charles
Ben JohnChris, Ben ChrisJohn, Ben Armstrong, Ben Charles, Ben Dan, Ben Weaspoppy, Ben Yonas
Ben Chakarayara, Ben Stefan, Ben JohnChris, Ben Amel, Ben Boi, Ben Squid, Ben hello, Ben HelloWorld, Ben Charles, Ben Raspberry, Ben Norman, Ben ChrisJohn, Ben Malek, Ben Mitch, Ben Gupta, Ben Armstrong, Ben Yonas
Ben Binzly, Ben hello, Ben Raspberry, Ben Mitch, Ben ChrisJohn, Ben Malek, Ben Gupta, Ben Norman, Ben Amel
Ben Gupta, Ben Dan, Ben Malek, Ben Mitch, Ben Charles, Ben Stefan, Ben HelloWorld, Ben JohnChris, Ben Weaspoppy
Ben Norman, Ben Malek, Ben Binzly, Ben ChrisJohn, Ben Armstrong, Ben Chakarayara, Ben HelloWorld, Ben Mitch, Ben Amel, Ben Boi, Ben Yonas, Ben Dan, Ben hello, Ben Weaspoppy, Ben Raspberry, Ben Stefan, Ben Charles, Ben Squid
Ben hello, Ben HelloWorld, Ben Mitch, Ben Binzly, Ben Stefan, Ben Weaspoppy, Ben Malek, Ben Dan, Ben Amel, Ben Norman