Ral is DQ'd and needs to skrt skrt
1st Place - S with a 240
2nd Place - A with a 232
3rd Place - C with a 232
4th Place - E with a 216
5th Place - B with a 64

Ral is a God
1st Place - A with a 232
2nd Place - R with a 102

Ral is a God
1st Place - D with a 240
2nd Place - G with a 232
3rd Place - R with a -72
4th Place - T with a -72

Ral is DQ'd and needs to skrt skrt
1st Place - S with a 0

Ral is a God
1st Place - Q with a 6
2nd Place - R with a 6
3rd Place - S with a 6
4th Place - T with a 6

Ral is a God
1st Place - R with a 240
2nd Place - S with a 0
3rd Place - T with a 0
4th Place - Q with a -80

Ral is a God
1st Place - F with a 240
2nd Place - R with a 236
3rd Place - G with a 234
4th Place - H with a 232
5th Place - B with a 184
6th Place - E with a 128
7th Place - A with a 0
8th Place - C with a 0
9th Place - D with a -6

Ral is DQ'd and needs to skrt skrt
1st Place - L with a 159
2nd Place - W with a 116
3rd Place - T with a 110
4th Place - Q with a 104
5th Place - O with a 100
6th Place - E with a 73
7th Place - P with a 71
8th Place - Y with a 67
9th Place - A with a 53
10th Place - I with a 40
11th Place - K with a 39
12th Place - J with a 24
13th Place - N with a 23
14th Place - D with a 15
15th Place - B with a -1
16th Place - V with a -2
17th Place - S with a -18
18th Place - G with a -32
19th Place - C with a -34
20th Place - X with a -37
21st Place - M with a -42
22nd Place - H with a -72
23rd Place - U with a -76
24th Place - F with a -77

Ral is a God
1st Place - V with a 156
2nd Place - G with a 142
3rd Place - S with a 142
4th Place - Y with a 133
5th Place - H with a 128
6th Place - C with a 119
7th Place - I with a 97
8th Place - X with a 75
9th Place - P with a 73
10th Place - W with a 72
11th Place - E with a 62
12th Place - U with a 58
13th Place - R with a 56
14th Place - Q with a 48
15th Place - A with a 41
16th Place - D with a 29
17th Place - B with a 21
18th Place - Z with a 21
19th Place - L with a 11
20th Place - M with a 9
21st Place - O with a -6
22nd Place - J with a -20
23rd Place - F with a -21
24th Place - T with a -47
25th Place - N with a -48
26th Place - K with a -61

Ral is DQ'd and needs to skrt skrt
1st Place - S with a 240
2nd Place - A with a 232
3rd Place - C with a 232
4th Place - E with a 216
5th Place - B with a 64
